#
# There is insufficient memory for the Java Runtime Environment to continue.
# Native memory allocation (malloc) failed to allocate 1048576 bytes for AllocateHeap
# Possible reasons:
#   The system is out of physical RAM or swap space
#   The process is running with CompressedOops enabled, and the Java Heap may be blocking the growth of the native heap
# Possible solutions:
#   Reduce memory load on the system
#   Increase physical memory or swap space
#   Check if swap backing store is full
#   Decrease Java heap size (-Xmx/-Xms)
#   Decrease number of Java threads
#   Decrease Java thread stack sizes (-Xss)
#   Set larger code cache with -XX:ReservedCodeCacheSize=
#   JVM is running with Unscaled Compressed Oops mode in which the Java heap is
#     placed in the first 4GB address space. The Java Heap base address is the
#     maximum limit for the native heap growth. Please use -XX:HeapBaseMinAddress
#     to set the Java Heap base and to place the Java Heap above 4GB virtual address.
# This output file may be truncated or incomplete.
#
#  Out of Memory Error (memory/allocation.inline.hpp:61), pid=7564, tid=0x00000000000012dc
#
# JRE version:  (8.0_201-b09) (build )
# Java VM: Java HotSpot(TM) 64-Bit Server VM (25.201-b09 mixed mode windows-amd64 compressed oops)
# Failed to write core dump. Minidumps are not enabled by default on client versions of Windows
#

---------------  T H R E A D  ---------------

Current thread (0x000000000252d800):  JavaThread "Unknown thread" [_thread_in_vm, id=4828, stack(0x0000000002630000,0x0000000002730000)]

Stack: [0x0000000002630000,0x0000000002730000]
[error occurred during error reporting (printing stack bounds), id 0xc0000005]

Native frames: (J=compiled Java code, j=interpreted, Vv=VM code, C=native code)


---------------  P R O C E S S  ---------------

Java Threads: ( => current thread )

Other Threads:

=>0x000000000252d800 (exited) JavaThread "Unknown thread" [_thread_in_vm, id=4828, stack(0x0000000002630000,0x0000000002730000)]

VM state:not at safepoint (normal execution)

VM Mutex/Monitor currently owned by a thread: None

heap address: 0x0000000080000000, size: 2048 MB, Compressed Oops mode: 32-bit
Narrow klass base: 0x0000000000000000, Narrow klass shift: 3
Compressed class space size: 1073741824 Address: 0x0000000100000000

Heap:
 PSYoungGen      total 38400K, used 665K [0x00000000d5580000, 0x00000000d8000000, 0x0000000100000000)
  eden space 33280K, 2% used [0x00000000d5580000,0x00000000d5626670,0x00000000d7600000)
  from space 5120K, 0% used [0x00000000d7b00000,0x00000000d7b00000,0x00000000d8000000)
  to   space 5120K, 0% used [0x00000000d7600000,0x00000000d7600000,0x00000000d7b00000)
 ParOldGen       total 87552K, used 0K [0x0000000080000000, 0x0000000085580000, 0x00000000d5580000)
  object space 87552K, 0% used [0x0000000080000000,0x0000000080000000,0x0000000085580000)
 Metaspace       used 751K, capacity 4480K, committed 4480K, reserved 1056768K
  class space    used 76K, capacity 384K, committed 384K, reserved 1048576K

Card table byte_map: [0x0000000011bf0000,0x0000000012000000] byte_map_base: 0x00000000117f0000

Marking Bits: (ParMarkBitMap*) 0x0000000070c94ce0
 Begin Bits: [0x00000000128b0000, 0x00000000148b0000)
 End Bits:   [0x00000000148b0000, 0x00000000168b0000)

Polling page: 0x0000000000740000

CodeCache: size=245760Kb used=327Kb max_used=327Kb free=245432Kb
 bounds [0x0000000002830000, 0x0000000002aa0000, 0x0000000011830000]
 total_blobs=57 nmethods=0 adapters=38
 compilation: enabled

Compilation events (0 events):
No events

GC Heap History (0 events):
No events

Deoptimization events (0 events):
No events

Classes redefined (0 events):
No events

Internal exceptions (0 events):
No events

Events (10 events):
Event: 0.027 loading class java/lang/Short
Event: 0.027 loading class java/lang/Short done
Event: 0.027 loading class java/lang/Integer
Event: 0.027 loading class java/lang/Integer done
Event: 0.027 loading class java/lang/Long
Event: 0.027 loading class java/lang/Long done
Event: 0.028 loading class java/lang/NullPointerException
Event: 0.028 loading class java/lang/NullPointerException done
Event: 0.028 loading class java/lang/ArithmeticException
Event: 0.028 loading class java/lang/ArithmeticException done


Dynamic libraries:
0x00007ff79b950000 - 0x00007ff79b987000 	C:\Program Files\Java\jre1.8.0_201\bin\javaw.exe
0x00007ffe2bb50000 - 0x00007ffe2bd3d000 	C:\WINDOWS\SYSTEM32\ntdll.dll
0x00007ffe29840000 - 0x00007ffe298f3000 	C:\WINDOWS\System32\KERNEL32.DLL
0x00007ffe27c20000 - 0x00007ffe27eb3000 	C:\WINDOWS\System32\KERNELBASE.dll
0x00007ffe2b5e0000 - 0x00007ffe2b683000 	C:\WINDOWS\System32\ADVAPI32.dll
0x00007ffe2ba70000 - 0x00007ffe2bb0e000 	C:\WINDOWS\System32\msvcrt.dll
0x00007ffe29900000 - 0x00007ffe2999e000 	C:\WINDOWS\System32\sechost.dll
0x00007ffe28de0000 - 0x00007ffe28f02000 	C:\WINDOWS\System32\RPCRT4.dll
0x00007ffe2b070000 - 0x00007ffe2b207000 	C:\WINDOWS\System32\USER32.dll
0x00007ffe28590000 - 0x00007ffe285b0000 	C:\WINDOWS\System32\win32u.dll
0x00007ffe299a0000 - 0x00007ffe299c9000 	C:\WINDOWS\System32\GDI32.dll
0x00007ffe28240000 - 0x00007ffe283da000 	C:\WINDOWS\System32\gdi32full.dll
0x00007ffe27ec0000 - 0x00007ffe27f60000 	C:\WINDOWS\System32\msvcp_win.dll
0x00007ffe283e0000 - 0x00007ffe284da000 	C:\WINDOWS\System32\ucrtbase.dll
0x00007ffe1d710000 - 0x00007ffe1d989000 	C:\WINDOWS\WinSxS\amd64_microsoft.windows.common-controls_6595b64144ccf1df_6.0.17763.475_none_05b43ca607202c6c\COMCTL32.dll
0x00007ffe28fe0000 - 0x00007ffe2930c000 	C:\WINDOWS\System32\combase.dll
0x00007ffe285b0000 - 0x00007ffe2862e000 	C:\WINDOWS\System32\bcryptPrimitives.dll
0x00007ffe28d80000 - 0x00007ffe28dae000 	C:\WINDOWS\System32\IMM32.DLL
0x0000000070d20000 - 0x0000000070df1000 	C:\Program Files\Java\jre1.8.0_201\bin\msvcr100.dll
0x0000000070470000 - 0x0000000070d14000 	C:\Program Files\Java\jre1.8.0_201\bin\server\jvm.dll
0x00007ffe28db0000 - 0x00007ffe28db8000 	C:\WINDOWS\System32\PSAPI.DLL
0x00007ffe25c30000 - 0x00007ffe25c54000 	C:\WINDOWS\SYSTEM32\WINMM.dll
0x00007ffe22ff0000 - 0x00007ffe22ffa000 	C:\WINDOWS\SYSTEM32\VERSION.dll
0x00007ffe25c00000 - 0x00007ffe25c2d000 	C:\WINDOWS\SYSTEM32\WINMMBASE.dll
0x00007ffe1b550000 - 0x00007ffe1b559000 	C:\WINDOWS\SYSTEM32\WSOCK32.dll
0x00007ffe28f10000 - 0x00007ffe28f7d000 	C:\WINDOWS\System32\WS2_32.dll
0x00007ffe28140000 - 0x00007ffe2818a000 	C:\WINDOWS\System32\cfgmgr32.dll
0x00007ffe25e10000 - 0x00007ffe25e1f000 	C:\Program Files\Java\jre1.8.0_201\bin\verify.dll
0x00007ffe25de0000 - 0x00007ffe25e09000 	C:\Program Files\Java\jre1.8.0_201\bin\java.dll
0x00007ffe23ee0000 - 0x00007ffe23ef6000 	C:\Program Files\Java\jre1.8.0_201\bin\zip.dll

VM Arguments:
jvm_args: -Djava.library.path=D:\Downloads\Java\StegOpenCV\dll;D:\Downloads\Java\StegOpenCV\dll -Dfile.encoding=Cp1252 
java_command: stegSource.OpenCV
java_class_path (initial): D:\Downloads\Java\StegOpenCV\bin;D:\Downloads\Java\StegOpenCV\dll\opencv-2413.jar
Launcher Type: SUN_STANDARD

Environment Variables:
JAVA_HOME=C:\Program Files\Java\jdk1.8.0_191
PATH=C:/Program Files/Java/jdk1.8.0_191/bin/../jre/bin/server;C:/Program Files/Java/jdk1.8.0_191/bin/../jre/bin;C:/Program Files/Java/jdk1.8.0_191/bin/../jre/lib/amd64;C:\Program Files\Java\jdk1.8.0_191\bin;c:\windows\system32;c:\windows;c:\windows\system32\wbem;c:\windows\system32\windowspowershell\v1.0\;c:\windows\system32\openssh\;C:\Program Files (x86)\NVIDIA Corporation\PhysX\Common;C:\Program Files (x86)\Microsoft SQL Server\140\Tools\Binn\;C:\Program Files\Microsoft SQL Server\Client SDK\ODBC\130\Tools\Binn\;C:\Program Files\Microsoft SQL Server\140\Tools\Binn\;C:\Program Files\Microsoft SQL Server\140\DTS\Binn\;C:\Program Files\Git\cmd;C:\Program Files\CMake\bin;D:\CodeBlocks\MinGW\bin;C:\Users\Eddy\AppData\Local\Microsoft\WindowsApps;;C:\Users\Eddy\Desktop\eclipse;
USERNAME=Eddy
OS=Windows_NT
PROCESSOR_IDENTIFIER=AMD64 Family 21 Model 2 Stepping 0, AuthenticAMD



---------------  S Y S T E M  ---------------

OS: Windows 10.0 , 64 bit Build 17763 (10.0.17763.475)

CPU:total 6 (initial active 6) (6 cores per cpu, 1 threads per core) family 21 model 2 stepping 0, cmov, cx8, fxsr, mmx, sse, sse2, sse3, ssse3, sse4.1, sse4.2, popcnt, avx, aes, clmul, mmxext, 3dnowpref, lzcnt, sse4a, tsc, tscinvbit, tscinv, bmi1

Memory: 4k page, physical 8387824k(4313448k free), swap 12582128k(5760k free)

vm_info: Java HotSpot(TM) 64-Bit Server VM (25.201-b09) for windows-amd64 JRE (1.8.0_201-b09), built on Dec 15 2018 18:36:39 by "java_re" with MS VC++ 10.0 (VS2010)

time: Tue May 14 20:01:22 2019
timezone: GTB Daylight Time
elapsed time: 0 seconds (0d 0h 0m 0s)

